1541604918544	mozrunner::runner	INFO	Running command: "/Applications/Firefox.app/Contents/MacOS/firefox-bin" "-marionette" "-foreground" "-no-remote" "-profile" "/var/folders/5q/qw2ympqn21nbswyy63hwv3g80000gn/T/rust_mozprofile.PZ97UGSublSK"
1541604923111	Marionette	INFO	Listening on port 62944
1541604923188	Marionette	WARN	TLS certificate errors will be ignored for this session
JavaScript warning: https://www.instagram.com/static/bundles/base/ConsumerCommons.js/5920daa6c2b0.js, line 1: unreachable code after return statement
JavaScript warning: https://www.instagram.com/static/bundles/base/ConsumerCommons.js/5920daa6c2b0.js, line 1: unreachable code after return statement
JavaScript warning: https://www.instagram.com/static/bundles/base/ConsumerCommons.js/5920daa6c2b0.js, line 1: unreachable code after return statement
JavaScript warning: https://www.instagram.com/static/bundles/base/ConsumerCommons.js/5920daa6c2b0.js, line 1: unreachable code after return statement
1541604968227	mozrunner::runner	INFO	Running command: "/Applications/Firefox.app/Contents/MacOS/firefox-bin" "-marionette" "-foreground" "-no-remote" "-profile" "/var/folders/5q/qw2ympqn21nbswyy63hwv3g80000gn/T/rust_mozprofile.mqCGniMqGrKm"
1541604971914	Marionette	INFO	Listening on port 63026
1541604971994	Marionette	WARN	TLS certificate errors will be ignored for this session
JavaScript warning: https://www.instagram.com/static/bundles/base/ConsumerCommons.js/5920daa6c2b0.js, line 1: unreachable code after return statement
JavaScript warning: https://www.instagram.com/static/bundles/base/ConsumerCommons.js/5920daa6c2b0.js, line 1: unreachable code after return statement
1541606027117	mozrunner::runner	INFO	Running command: "/Applications/Firefox.app/Contents/MacOS/firefox-bin" "-marionette" "-foreground" "-no-remote" "-profile" "/var/folders/5q/qw2ympqn21nbswyy63hwv3g80000gn/T/rust_mozprofile.2xkiFIVohSmo"
1541606031819	Marionette	INFO	Listening on port 63329
1541606031901	Marionette	WARN	TLS certificate errors will be ignored for this session
JavaScript warning: https://www.instagram.com/static/bundles/base/ConsumerCommons.js/5920daa6c2b0.js, line 1: unreachable code after return statement
JavaScript warning: https://www.instagram.com/static/bundles/base/ConsumerCommons.js/5920daa6c2b0.js, line 1: unreachable code after return statement
[Child 30769, Chrome_ChildThread] WARNING: pipe error: Broken pipe: file /builds/worker/workspace/build/src/ipc/chromium/src/chrome/common/ipc_channel_posix.cc, line 729
[Child 30769, Chrome_ChildThread] WARNING: pipe error: Broken pipe: file /builds/worker/workspace/build/src/ipc/chromium/src/chrome/common/ipc_channel_posix.cc, line 729
[Child 30769, Chrome_ChildThread] WARNING: pipe error: Broken pipe: file /builds/worker/workspace/build/src/ipc/chromium/src/chrome/common/ipc_channel_posix.cc, line 729
[Child 30769, Chrome_ChildThread] WARNING: pipe error: Broken pipe: file /builds/worker/workspace/build/src/ipc/chromium/src/chrome/common/ipc_channel_posix.cc, line 729
[Child 30769, Chrome_ChildThread] WARNING: pipe error: Broken pipe: file /builds/worker/workspace/build/src/ipc/chromium/src/chrome/common/ipc_channel_posix.cc, line 729
[Child 30769, Chrome_ChildThread] WARNING: pipe error: Broken pipe: file /builds/worker/workspace/build/src/ipc/chromium/src/chrome/common/ipc_channel_posix.cc, line 729
[Child 30769, Chrome_ChildThread] WARNING: pipe error: Broken pipe: file /builds/worker/workspace/build/src/ipc/chromium/src/chrome/common/ipc_channel_posix.cc, line 729
1541606604133	Marionette	INFO	Stopped listening on port 63026
1541606608076	Marionette	INFO	Stopped listening on port 63329
1541606611802	Marionette	INFO	Stopped listening on port 62944
